
AVRASM ver. 2.1.30  D:\VDK\blt10\Debug\List\1.asm Mon Dec 05 08:34:47 2022

D:\VDK\blt10\Debug\List\1.asm(1088): warning: Register r5 already defined by the .DEF directive
D:\VDK\blt10\Debug\List\1.asm(1089): warning: Register r4 already defined by the .DEF directive
D:\VDK\blt10\Debug\List\1.asm(1090): warning: Register r7 already defined by the .DEF directive
D:\VDK\blt10\Debug\List\1.asm(1091): warning: Register r6 already defined by the .DEF directive
D:\VDK\blt10\Debug\List\1.asm(1092): warning: Register r9 already defined by the .DEF directive
D:\VDK\blt10\Debug\List\1.asm(1093): warning: Register r8 already defined by the .DEF directive
                 
                 
                 ;CodeVisionAVR C Compiler V3.12 Advanced
                 ;(C) Copyright 1998-2014 Pavel Haiduc, HP InfoTech s.r.l.
                 ;http://www.hpinfotech.com
                 
                 ;Build configuration    : Debug
                 ;Chip type              : ATmega16A
                 ;Program type           : Application
                 ;Clock frequency        : 11.059200 MHz
                 ;Memory model           : Small
                 ;Optimize for           : Size
                 ;(s)printf features     : int, width
                 ;(s)scanf features      : int, width
                 ;External RAM size      : 0
                 ;Data Stack size        : 256 byte(s)
                 ;Heap size              : 0 byte(s)
                 ;Promote 'char' to 'int': Yes
                 ;'char' is unsigned     : Yes
                 ;8 bit enums            : Yes
                 ;Global 'const' stored in FLASH: Yes
                 ;Enhanced function parameter passing: Yes
                 ;Enhanced core instructions: On
                 ;Automatic register allocation for global variables: On
                 ;Smart register allocation: On
                 
                 	#define _MODEL_SMALL_
                 
                 	#pragma AVRPART ADMIN PART_NAME ATmega16A
                 	#pragma AVRPART MEMORY PROG_FLASH 16384
                 	#pragma AVRPART MEMORY EEPROM 512
                 	#pragma AVRPART MEMORY INT_SRAM SIZE 1024
                 	#pragma AVRPART MEMORY INT_SRAM START_ADDR 0x60
                 
                 	#define CALL_SUPPORTED 1
                 
                 	.LISTMAC
                 	.EQU UDRE=0x5
                 	.EQU RXC=0x7
                 	.EQU USR=0xB
                 	.EQU UDR=0xC
                 	.EQU SPSR=0xE
                 	.EQU SPDR=0xF
                 	.EQU EERE=0x0
                 	.EQU EEWE=0x1
                 	.EQU EEMWE=0x2
                 	.EQU EECR=0x1C
                 	.EQU EEDR=0x1D
                 	.EQU EEARL=0x1E
                 	.EQU EEARH=0x1F
                 	.EQU WDTCR=0x21
                 	.EQU MCUCR=0x35
                 	.EQU GICR=0x3B
                 	.EQU SPL=0x3D
                 	.EQU SPH=0x3E
                 	.EQU SREG=0x3F
                 
                 	.DEF R0X0=R0
                 	.DEF R0X1=R1
                 	.DEF R0X2=R2
                 	.DEF R0X3=R3
                 	.DEF R0X4=R4
                 	.DEF R0X5=R5
                 	.DEF R0X6=R6
                 	.DEF R0X7=R7
                 	.DEF R0X8=R8
                 	.DEF R0X9=R9
                 	.DEF R0XA=R10
                 	.DEF R0XB=R11
                 	.DEF R0XC=R12
                 	.DEF R0XD=R13
                 	.DEF R0XE=R14
                 	.DEF R0XF=R15
                 	.DEF R0X10=R16
                 	.DEF R0X11=R17
                 	.DEF R0X12=R18
                 	.DEF R0X13=R19
                 	.DEF R0X14=R20
                 	.DEF R0X15=R21
                 	.DEF R0X16=R22
                 	.DEF R0X17=R23
                 	.DEF R0X18=R24
                 	.DEF R0X19=R25
                 	.DEF R0X1A=R26
                 	.DEF R0X1B=R27
                 	.DEF R0X1C=R28
                 	.DEF R0X1D=R29
                 	.DEF R0X1E=R30
                 	.DEF R0X1F=R31
                 
                 	.EQU __SRAM_START=0x0060
                 	.EQU __SRAM_END=0x045F
                 	.EQU __DSTACK_SIZE=0x0100
                 	.EQU __HEAP_SIZE=0x0000
                 	.EQU __CLEAR_SRAM_SIZE=__SRAM_END-__SRAM_START+1
                 
                 	.MACRO __CPD1N
                 	CPI  R30,LOW(@0)
                 	LDI  R26,HIGH(@0)
                 	CPC  R31,R26
                 	LDI  R26,BYTE3(@0)
                 	CPC  R22,R26
                 	LDI  R26,BYTE4(@0)
                 	CPC  R23,R26
                 	.ENDM
                 
                 	.MACRO __CPD2N
                 	CPI  R26,LOW(@0)
                 	LDI  R30,HIGH(@0)
                 	CPC  R27,R30
                 	LDI  R30,BYTE3(@0)
                 	CPC  R24,R30
                 	LDI  R30,BYTE4(@0)
                 	CPC  R25,R30
                 	.ENDM
                 
                 	.MACRO __CPWRR
                 	CP   R@0,R@2
                 	CPC  R@1,R@3
                 	.ENDM
                 
                 	.MACRO __CPWRN
                 	CPI  R@0,LOW(@2)
                 	LDI  R30,HIGH(@2)
                 	CPC  R@1,R30
                 	.ENDM
                 
                 	.MACRO __ADDB1MN
                 	SUBI R30,LOW(-@0-(@1))
                 	.ENDM
                 
                 	.MACRO __ADDB2MN
                 	SUBI R26,LOW(-@0-(@1))
                 	.ENDM
                 
                 	.MACRO __ADDW1MN
                 	SUBI R30,LOW(-@0-(@1))
                 	SBCI R31,HIGH(-@0-(@1))
                 	.ENDM
                 
                 	.MACRO __ADDW2MN
                 	SUBI R26,LOW(-@0-(@1))
                 	SBCI R27,HIGH(-@0-(@1))
                 	.ENDM
                 
                 	.MACRO __ADDW1FN
                 	SUBI R30,LOW(-2*@0-(@1))
                 	SBCI R31,HIGH(-2*@0-(@1))
                 	.ENDM
                 
                 	.MACRO __ADDD1FN
                 	SUBI R30,LOW(-2*@0-(@1))
                 	SBCI R31,HIGH(-2*@0-(@1))
                 	SBCI R22,BYTE3(-2*@0-(@1))
                 	.ENDM
                 
                 	.MACRO __ADDD1N
                 	SUBI R30,LOW(-@0)
                 	SBCI R31,HIGH(-@0)
                 	SBCI R22,BYTE3(-@0)
                 	SBCI R23,BYTE4(-@0)
                 	.ENDM
                 
                 	.MACRO __ADDD2N
                 	SUBI R26,LOW(-@0)
                 	SBCI R27,HIGH(-@0)
                 	SBCI R24,BYTE3(-@0)
                 	SBCI R25,BYTE4(-@0)
                 	.ENDM
                 
                 	.MACRO __SUBD1N
                 	SUBI R30,LOW(@0)
                 	SBCI R31,HIGH(@0)
                 	SBCI R22,BYTE3(@0)
                 	SBCI R23,BYTE4(@0)
                 	.ENDM
                 
                 	.MACRO __SUBD2N
                 	SUBI R26,LOW(@0)
                 	SBCI R27,HIGH(@0)
                 	SBCI R24,BYTE3(@0)
                 	SBCI R25,BYTE4(@0)
                 	.ENDM
                 
                 	.MACRO __ANDBMNN
                 	LDS  R30,@0+(@1)
                 	ANDI R30,LOW(@2)
                 	STS  @0+(@1),R30
                 	.ENDM
                 
                 	.MACRO __ANDWMNN
                 	LDS  R30,@0+(@1)
                 	ANDI R30,LOW(@2)
                 	STS  @0+(@1),R30
                 	LDS  R30,@0+(@1)+1
                 	ANDI R30,HIGH(@2)
                 	STS  @0+(@1)+1,R30
                 	.ENDM
                 
                 	.MACRO __ANDD1N
                 	ANDI R30,LOW(@0)
                 	ANDI R31,HIGH(@0)
                 	ANDI R22,BYTE3(@0)
                 	ANDI R23,BYTE4(@0)
                 	.ENDM
                 
                 	.MACRO __ANDD2N
                 	ANDI R26,LOW(@0)
                 	ANDI R27,HIGH(@0)
                 	ANDI R24,BYTE3(@0)
                 	ANDI R25,BYTE4(@0)
                 	.ENDM
                 
                 	.MACRO __ORBMNN
                 	LDS  R30,@0+(@1)
                 	ORI  R30,LOW(@2)
                 	STS  @0+(@1),R30
                 	.ENDM
                 
                 	.MACRO __ORWMNN
                 	LDS  R30,@0+(@1)
                 	ORI  R30,LOW(@2)
                 	STS  @0+(@1),R30
                 	LDS  R30,@0+(@1)+1
                 	ORI  R30,HIGH(@2)
                 	STS  @0+(@1)+1,R30
                 	.ENDM
                 
                 	.MACRO __ORD1N
                 	ORI  R30,LOW(@0)
                 	ORI  R31,HIGH(@0)
                 	ORI  R22,BYTE3(@0)
                 	ORI  R23,BYTE4(@0)
                 	.ENDM
                 
                 	.MACRO __ORD2N
                 	ORI  R26,LOW(@0)
                 	ORI  R27,HIGH(@0)
                 	ORI  R24,BYTE3(@0)
                 	ORI  R25,BYTE4(@0)
                 	.ENDM
                 
                 	.MACRO __DELAY_USB
                 	LDI  R24,LOW(@0)
                 __DELAY_USB_LOOP:
                 	DEC  R24
                 	BRNE __DELAY_USB_LOOP
                 	.ENDM
                 
                 	.MACRO __DELAY_USW
                 	LDI  R24,LOW(@0)
                 	LDI  R25,HIGH(@0)
                 __DELAY_USW_LOOP:
                 	SBIW R24,1
                 	BRNE __DELAY_USW_LOOP
                 	.ENDM
                 
                 	.MACRO __GETD1S
                 	LDD  R30,Y+@0
                 	LDD  R31,Y+@0+1
                 	LDD  R22,Y+@0+2
                 	LDD  R23,Y+@0+3
                 	.ENDM
                 
                 	.MACRO __GETD2S
                 	LDD  R26,Y+@0
                 	LDD  R27,Y+@0+1
                 	LDD  R24,Y+@0+2
                 	LDD  R25,Y+@0+3
                 	.ENDM
                 
                 	.MACRO __PUTD1S
                 	STD  Y+@0,R30
                 	STD  Y+@0+1,R31
                 	STD  Y+@0+2,R22
                 	STD  Y+@0+3,R23
                 	.ENDM
                 
                 	.MACRO __PUTD2S
                 	STD  Y+@0,R26
                 	STD  Y+@0+1,R27
                 	STD  Y+@0+2,R24
                 	STD  Y+@0+3,R25
                 	.ENDM
                 
                 	.MACRO __PUTDZ2
                 	STD  Z+@0,R26
                 	STD  Z+@0+1,R27
                 	STD  Z+@0+2,R24
                 	STD  Z+@0+3,R25
                 	.ENDM
                 
                 	.MACRO __CLRD1S
                 	STD  Y+@0,R30
                 	STD  Y+@0+1,R30
                 	STD  Y+@0+2,R30
                 	STD  Y+@0+3,R30
                 	.ENDM
                 
                 	.MACRO __POINTB1MN
                 	LDI  R30,LOW(@0+(@1))
                 	.ENDM
                 
                 	.MACRO __POINTW1MN
                 	LDI  R30,LOW(@0+(@1))
                 	LDI  R31,HIGH(@0+(@1))
                 	.ENDM
                 
                 	.MACRO __POINTD1M
                 	LDI  R30,LOW(@0)
                 	LDI  R31,HIGH(@0)
                 	LDI  R22,BYTE3(@0)
                 	LDI  R23,BYTE4(@0)
                 	.ENDM
                 
                 	.MACRO __POINTW1FN
                 	LDI  R30,LOW(2*@0+(@1))
                 	LDI  R31,HIGH(2*@0+(@1))
                 	.ENDM
                 
                 	.MACRO __POINTD1FN
                 	LDI  R30,LOW(2*@0+(@1))
                 	LDI  R31,HIGH(2*@0+(@1))
                 	LDI  R22,BYTE3(2*@0+(@1))
                 	LDI  R23,BYTE4(2*@0+(@1))
                 	.ENDM
                 
                 	.MACRO __POINTB2MN
                 	LDI  R26,LOW(@0+(@1))
                 	.ENDM
                 
                 	.MACRO __POINTW2MN
                 	LDI  R26,LOW(@0+(@1))
                 	LDI  R27,HIGH(@0+(@1))
                 	.ENDM
                 
                 	.MACRO __POINTW2FN
                 	LDI  R26,LOW(2*@0+(@1))
                 	LDI  R27,HIGH(2*@0+(@1))
                 	.ENDM
                 
                 	.MACRO __POINTD2FN
                 	LDI  R26,LOW(2*@0+(@1))
                 	LDI  R27,HIGH(2*@0+(@1))
                 	LDI  R24,BYTE3(2*@0+(@1))
                 	LDI  R25,BYTE4(2*@0+(@1))
                 	.ENDM
                 
                 	.MACRO __POINTBRM
                 	LDI  R@0,LOW(@1)
                 	.ENDM
                 
                 	.MACRO __POINTWRM
                 	LDI  R@0,LOW(@2)
                 	LDI  R@1,HIGH(@2)
                 	.ENDM
                 
                 	.MACRO __POINTBRMN
                 	LDI  R@0,LOW(@1+(@2))
                 	.ENDM
                 
                 	.MACRO __POINTWRMN
                 	LDI  R@0,LOW(@2+(@3))
                 	LDI  R@1,HIGH(@2+(@3))
                 	.ENDM
                 
                 	.MACRO __POINTWRFN
                 	LDI  R@0,LOW(@2*2+(@3))
                 	LDI  R@1,HIGH(@2*2+(@3))
                 	.ENDM
                 
                 	.MACRO __GETD1N
                 	LDI  R30,LOW(@0)
                 	LDI  R31,HIGH(@0)
                 	LDI  R22,BYTE3(@0)
                 	LDI  R23,BYTE4(@0)
                 	.ENDM
                 
                 	.MACRO __GETD2N
                 	LDI  R26,LOW(@0)
                 	LDI  R27,HIGH(@0)
                 	LDI  R24,BYTE3(@0)
                 	LDI  R25,BYTE4(@0)
                 	.ENDM
                 
                 	.MACRO __GETB1MN
                 	LDS  R30,@0+(@1)
                 	.ENDM
                 
                 	.MACRO __GETB1HMN
                 	LDS  R31,@0+(@1)
                 	.ENDM
                 
                 	.MACRO __GETW1MN
                 	LDS  R30,@0+(@1)
                 	LDS  R31,@0+(@1)+1
                 	.ENDM
                 
                 	.MACRO __GETD1MN
                 	LDS  R30,@0+(@1)
                 	LDS  R31,@0+(@1)+1
                 	LDS  R22,@0+(@1)+2
                 	LDS  R23,@0+(@1)+3
                 	.ENDM
                 
                 	.MACRO __GETBRMN
                 	LDS  R@0,@1+(@2)
                 	.ENDM
                 
                 	.MACRO __GETWRMN
                 	LDS  R@0,@2+(@3)
                 	LDS  R@1,@2+(@3)+1
                 	.ENDM
                 
                 	.MACRO __GETWRZ
                 	LDD  R@0,Z+@2
                 	LDD  R@1,Z+@2+1
                 	.ENDM
                 
                 	.MACRO __GETD2Z
                 	LDD  R26,Z+@0
                 	LDD  R27,Z+@0+1
                 	LDD  R24,Z+@0+2
                 	LDD  R25,Z+@0+3
                 	.ENDM
                 
                 	.MACRO __GETB2MN
                 	LDS  R26,@0+(@1)
                 	.ENDM
                 
                 	.MACRO __GETW2MN
                 	LDS  R26,@0+(@1)
                 	LDS  R27,@0+(@1)+1
                 	.ENDM
                 
                 	.MACRO __GETD2MN
                 	LDS  R26,@0+(@1)
                 	LDS  R27,@0+(@1)+1
                 	LDS  R24,@0+(@1)+2
                 	LDS  R25,@0+(@1)+3
                 	.ENDM
                 
                 	.MACRO __PUTB1MN
                 	STS  @0+(@1),R30
                 	.ENDM
                 
                 	.MACRO __PUTW1MN
                 	STS  @0+(@1),R30
                 	STS  @0+(@1)+1,R31
                 	.ENDM
                 
                 	.MACRO __PUTD1MN
                 	STS  @0+(@1),R30
                 	STS  @0+(@1)+1,R31
                 	STS  @0+(@1)+2,R22
                 	STS  @0+(@1)+3,R23
                 	.ENDM
                 
                 	.MACRO __PUTB1EN
                 	LDI  R26,LOW(@0+(@1))
                 	LDI  R27,HIGH(@0+(@1))
                 	CALL __EEPROMWRB
                 	.ENDM
                 
                 	.MACRO __PUTW1EN
                 	LDI  R26,LOW(@0+(@1))
                 	LDI  R27,HIGH(@0+(@1))
                 	CALL __EEPROMWRW
                 	.ENDM
                 
                 	.MACRO __PUTD1EN
                 	LDI  R26,LOW(@0+(@1))
                 	LDI  R27,HIGH(@0+(@1))
                 	CALL __EEPROMWRD
                 	.ENDM
                 
                 	.MACRO __PUTBR0MN
                 	STS  @0+(@1),R0
                 	.ENDM
                 
                 	.MACRO __PUTBMRN
                 	STS  @0+(@1),R@2
                 	.ENDM
                 
                 	.MACRO __PUTWMRN
                 	STS  @0+(@1),R@2
                 	STS  @0+(@1)+1,R@3
                 	.ENDM
                 
                 	.MACRO __PUTBZR
                 	STD  Z+@1,R@0
                 	.ENDM
                 
                 	.MACRO __PUTWZR
                 	STD  Z+@2,R@0
                 	STD  Z+@2+1,R@1
                 	.ENDM
                 
                 	.MACRO __GETW1R
                 	MOV  R30,R@0
                 	MOV  R31,R@1
                 	.ENDM
                 
                 	.MACRO __GETW2R
                 	MOV  R26,R@0
                 	MOV  R27,R@1
                 	.ENDM
                 
                 	.MACRO __GETWRN
                 	LDI  R@0,LOW(@2)
                 	LDI  R@1,HIGH(@2)
                 	.ENDM
                 
                 	.MACRO __PUTW1R
                 	MOV  R@0,R30
                 	MOV  R@1,R31
                 	.ENDM
                 
                 	.MACRO __PUTW2R
                 	MOV  R@0,R26
                 	MOV  R@1,R27
                 	.ENDM
                 
                 	.MACRO __ADDWRN
                 	SUBI R@0,LOW(-@2)
                 	SBCI R@1,HIGH(-@2)
                 	.ENDM
                 
                 	.MACRO __ADDWRR
                 	ADD  R@0,R@2
                 	ADC  R@1,R@3
                 	.ENDM
                 
                 	.MACRO __SUBWRN
                 	SUBI R@0,LOW(@2)
                 	SBCI R@1,HIGH(@2)
                 	.ENDM
                 
                 	.MACRO __SUBWRR
                 	SUB  R@0,R@2
                 	SBC  R@1,R@3
                 	.ENDM
                 
                 	.MACRO __ANDWRN
                 	ANDI R@0,LOW(@2)
                 	ANDI R@1,HIGH(@2)
                 	.ENDM
                 
                 	.MACRO __ANDWRR
                 	AND  R@0,R@2
                 	AND  R@1,R@3
                 	.ENDM
                 
                 	.MACRO __ORWRN
                 	ORI  R@0,LOW(@2)
                 	ORI  R@1,HIGH(@2)
                 	.ENDM
                 
                 	.MACRO __ORWRR
                 	OR   R@0,R@2
                 	OR   R@1,R@3
                 	.ENDM
                 
                 	.MACRO __EORWRR
                 	EOR  R@0,R@2
                 	EOR  R@1,R@3
                 	.ENDM
                 
                 	.MACRO __GETWRS
                 	LDD  R@0,Y+@2
                 	LDD  R@1,Y+@2+1
                 	.ENDM
                 
                 	.MACRO __PUTBSR
                 	STD  Y+@1,R@0
                 	.ENDM
                 
                 	.MACRO __PUTWSR
                 	STD  Y+@2,R@0
                 	STD  Y+@2+1,R@1
                 	.ENDM
                 
                 	.MACRO __MOVEWRR
                 	MOV  R@0,R@2
                 	MOV  R@1,R@3
                 	.ENDM
                 
                 	.MACRO __INWR
                 	IN   R@0,@2
                 	IN   R@1,@2+1
                 	.ENDM
                 
                 	.MACRO __OUTWR
                 	OUT  @2+1,R@1
                 	OUT  @2,R@0
                 	.ENDM
                 
                 	.MACRO __CALL1MN
                 	LDS  R30,@0+(@1)
                 	LDS  R31,@0+(@1)+1
                 	ICALL
                 	.ENDM
                 
                 	.MACRO __CALL1FN
                 	LDI  R30,LOW(2*@0+(@1))
                 	LDI  R31,HIGH(2*@0+(@1))
                 	CALL __GETW1PF
                 	ICALL
                 	.ENDM
                 
                 	.MACRO __CALL2EN
                 	PUSH R26
                 	PUSH R27
                 	LDI  R26,LOW(@0+(@1))
                 	LDI  R27,HIGH(@0+(@1))
                 	CALL __EEPROMRDW
                 	POP  R27
                 	POP  R26
                 	ICALL
                 	.ENDM
                 
                 	.MACRO __CALL2EX
                 	SUBI R26,LOW(-@0)
                 	SBCI R27,HIGH(-@0)
                 	CALL __EEPROMRDD
                 	ICALL
                 	.ENDM
                 
                 	.MACRO __GETW1STACK
                 	IN   R30,SPL
                 	IN   R31,SPH
                 	ADIW R30,@0+1
                 	LD   R0,Z+
                 	LD   R31,Z
                 	MOV  R30,R0
                 	.ENDM
                 
                 	.MACRO __GETD1STACK
                 	IN   R30,SPL
                 	IN   R31,SPH
                 	ADIW R30,@0+1
                 	LD   R0,Z+
                 	LD   R1,Z+
                 	LD   R22,Z
                 	MOVW R30,R0
                 	.ENDM
                 
                 	.MACRO __NBST
                 	BST  R@0,@1
                 	IN   R30,SREG
                 	LDI  R31,0x40
                 	EOR  R30,R31
                 	OUT  SREG,R30
                 	.ENDM
                 
                 
                 	.MACRO __PUTB1SN
                 	LDD  R26,Y+@0
                 	LDD  R27,Y+@0+1
                 	SUBI R26,LOW(-@1)
                 	SBCI R27,HIGH(-@1)
                 	ST   X,R30
                 	.ENDM
                 
                 	.MACRO __PUTW1SN
                 	LDD  R26,Y+@0
                 	LDD  R27,Y+@0+1
                 	SUBI R26,LOW(-@1)
                 	SBCI R27,HIGH(-@1)
                 	ST   X+,R30
                 	ST   X,R31
                 	.ENDM
                 
                 	.MACRO __PUTD1SN
                 	LDD  R26,Y+@0
                 	LDD  R27,Y+@0+1
                 	SUBI R26,LOW(-@1)
                 	SBCI R27,HIGH(-@1)
                 	CALL __PUTDP1
                 	.ENDM
                 
                 	.MACRO __PUTB1SNS
                 	LDD  R26,Y+@0
                 	LDD  R27,Y+@0+1
                 	ADIW R26,@1
                 	ST   X,R30
                 	.ENDM
                 
                 	.MACRO __PUTW1SNS
                 	LDD  R26,Y+@0
                 	LDD  R27,Y+@0+1
                 	ADIW R26,@1
                 	ST   X+,R30
                 	ST   X,R31
                 	.ENDM
                 
                 	.MACRO __PUTD1SNS
                 	LDD  R26,Y+@0
                 	LDD  R27,Y+@0+1
                 	ADIW R26,@1
                 	CALL __PUTDP1
                 	.ENDM
                 
                 	.MACRO __PUTB1PMN
                 	LDS  R26,@0
                 	LDS  R27,@0+1
                 	SUBI R26,LOW(-@1)
                 	SBCI R27,HIGH(-@1)
                 	ST   X,R30
                 	.ENDM
                 
                 	.MACRO __PUTW1PMN
                 	LDS  R26,@0
                 	LDS  R27,@0+1
                 	SUBI R26,LOW(-@1)
                 	SBCI R27,HIGH(-@1)
                 	ST   X+,R30
                 	ST   X,R31
                 	.ENDM
                 
                 	.MACRO __PUTD1PMN
                 	LDS  R26,@0
                 	LDS  R27,@0+1
                 	SUBI R26,LOW(-@1)
                 	SBCI R27,HIGH(-@1)
                 	CALL __PUTDP1
                 	.ENDM
                 
                 	.MACRO __PUTB1PMNS
                 	LDS  R26,@0
                 	LDS  R27,@0+1
                 	ADIW R26,@1
                 	ST   X,R30
                 	.ENDM
                 
                 	.MACRO __PUTW1PMNS
                 	LDS  R26,@0
                 	LDS  R27,@0+1
                 	ADIW R26,@1
                 	ST   X+,R30
                 	ST   X,R31
                 	.ENDM
                 
                 	.MACRO __PUTD1PMNS
                 	LDS  R26,@0
                 	LDS  R27,@0+1
                 	ADIW R26,@1
                 	CALL __PUTDP1
                 	.ENDM
                 
                 	.MACRO __PUTB1RN
                 	MOVW R26,R@0
                 	SUBI R26,LOW(-@1)
                 	SBCI R27,HIGH(-@1)
                 	ST   X,R30
                 	.ENDM
                 
                 	.MACRO __PUTW1RN
                 	MOVW R26,R@0
                 	SUBI R26,LOW(-@1)
                 	SBCI R27,HIGH(-@1)
                 	ST   X+,R30
                 	ST   X,R31
                 	.ENDM
                 
                 	.MACRO __PUTD1RN
                 	MOVW R26,R@0
                 	SUBI R26,LOW(-@1)
                 	SBCI R27,HIGH(-@1)
                 	CALL __PUTDP1
                 	.ENDM
                 
                 	.MACRO __PUTB1RNS
                 	MOVW R26,R@0
                 	ADIW R26,@1
                 	ST   X,R30
                 	.ENDM
                 
                 	.MACRO __PUTW1RNS
                 	MOVW R26,R@0
                 	ADIW R26,@1
                 	ST   X+,R30
                 	ST   X,R31
                 	.ENDM
                 
                 	.MACRO __PUTD1RNS
                 	MOVW R26,R@0
                 	ADIW R26,@1
                 	CALL __PUTDP1
                 	.ENDM
                 
                 	.MACRO __PUTB1RON
                 	MOV  R26,R@0
                 	MOV  R27,R@1
                 	SUBI R26,LOW(-@2)
                 	SBCI R27,HIGH(-@2)
                 	ST   X,R30
                 	.ENDM
                 
                 	.MACRO __PUTW1RON
                 	MOV  R26,R@0
                 	MOV  R27,R@1
                 	SUBI R26,LOW(-@2)
                 	SBCI R27,HIGH(-@2)
                 	ST   X+,R30
                 	ST   X,R31
                 	.ENDM
                 
                 	.MACRO __PUTD1RON
                 	MOV  R26,R@0
                 	MOV  R27,R@1
                 	SUBI R26,LOW(-@2)
                 	SBCI R27,HIGH(-@2)
                 	CALL __PUTDP1
                 	.ENDM
                 
                 	.MACRO __PUTB1RONS
                 	MOV  R26,R@0
                 	MOV  R27,R@1
                 	ADIW R26,@2
                 	ST   X,R30
                 	.ENDM
                 
                 	.MACRO __PUTW1RONS
                 	MOV  R26,R@0
                 	MOV  R27,R@1
                 	ADIW R26,@2
                 	ST   X+,R30
                 	ST   X,R31
                 	.ENDM
                 
                 	.MACRO __PUTD1RONS
                 	MOV  R26,R@0
                 	MOV  R27,R@1
                 	ADIW R26,@2
                 	CALL __PUTDP1
                 	.ENDM
                 
                 
                 	.MACRO __GETB1SX
                 	MOVW R30,R28
                 	SUBI R30,LOW(-@0)
                 	SBCI R31,HIGH(-@0)
                 	LD   R30,Z
                 	.ENDM
                 
                 	.MACRO __GETB1HSX
                 	MOVW R30,R28
                 	SUBI R30,LOW(-@0)
                 	SBCI R31,HIGH(-@0)
                 	LD   R31,Z
                 	.ENDM
                 
                 	.MACRO __GETW1SX
                 	MOVW R30,R28
                 	SUBI R30,LOW(-@0)
                 	SBCI R31,HIGH(-@0)
                 	LD   R0,Z+
                 	LD   R31,Z
                 	MOV  R30,R0
                 	.ENDM
                 
                 	.MACRO __GETD1SX
                 	MOVW R30,R28
                 	SUBI R30,LOW(-@0)
                 	SBCI R31,HIGH(-@0)
                 	LD   R0,Z+
                 	LD   R1,Z+
                 	LD   R22,Z+
                 	LD   R23,Z
                 	MOVW R30,R0
                 	.ENDM
                 
                 	.MACRO __GETB2SX
                 	MOVW R26,R28
                 	SUBI R26,LOW(-@0)
                 	SBCI R27,HIGH(-@0)
                 	LD   R26,X
                 	.ENDM
                 
                 	.MACRO __GETW2SX
                 	MOVW R26,R28
                 	SUBI R26,LOW(-@0)
                 	SBCI R27,HIGH(-@0)
                 	LD   R0,X+
                 	LD   R27,X
                 	MOV  R26,R0
                 	.ENDM
                 
                 	.MACRO __GETD2SX
                 	MOVW R26,R28
                 	SUBI R26,LOW(-@0)
                 	SBCI R27,HIGH(-@0)
                 	LD   R0,X+
                 	LD   R1,X+
                 	LD   R24,X+
                 	LD   R25,X
                 	MOVW R26,R0
                 	.ENDM
                 
                 	.MACRO __GETBRSX
                 	MOVW R30,R28
                 	SUBI R30,LOW(-@1)
                 	SBCI R31,HIGH(-@1)
                 	LD   R@0,Z
                 	.ENDM
                 
                 	.MACRO __GETWRSX
                 	MOVW R30,R28
                 	SUBI R30,LOW(-@2)
                 	SBCI R31,HIGH(-@2)
                 	LD   R@0,Z+
                 	LD   R@1,Z
                 	.ENDM
                 
                 	.MACRO __GETBRSX2
                 	MOVW R26,R28
                 	SUBI R26,LOW(-@1)
                 	SBCI R27,HIGH(-@1)
                 	LD   R@0,X
                 	.ENDM
                 
                 	.MACRO __GETWRSX2
                 	MOVW R26,R28
                 	SUBI R26,LOW(-@2)
                 	SBCI R27,HIGH(-@2)
                 	LD   R@0,X+
                 	LD   R@1,X
                 	.ENDM
                 
                 	.MACRO __LSLW8SX
                 	MOVW R30,R28
                 	SUBI R30,LOW(-@0)
                 	SBCI R31,HIGH(-@0)
                 	LD   R31,Z
                 	CLR  R30
                 	.ENDM
                 
                 	.MACRO __PUTB1SX
                 	MOVW R26,R28
                 	SUBI R26,LOW(-@0)
                 	SBCI R27,HIGH(-@0)
                 	ST   X,R30
                 	.ENDM
                 
                 	.MACRO __PUTW1SX
                 	MOVW R26,R28
                 	SUBI R26,LOW(-@0)
                 	SBCI R27,HIGH(-@0)
                 	ST   X+,R30
                 	ST   X,R31
                 	.ENDM
                 
                 	.MACRO __PUTD1SX
                 	MOVW R26,R28
                 	SUBI R26,LOW(-@0)
                 	SBCI R27,HIGH(-@0)
                 	ST   X+,R30
                 	ST   X+,R31
                 	ST   X+,R22
                 	ST   X,R23
                 	.ENDM
                 
                 	.MACRO __CLRW1SX
                 	MOVW R26,R28
                 	SUBI R26,LOW(-@0)
                 	SBCI R27,HIGH(-@0)
                 	ST   X+,R30
                 	ST   X,R30
                 	.ENDM
                 
                 	.MACRO __CLRD1SX
                 	MOVW R26,R28
                 	SUBI R26,LOW(-@0)
                 	SBCI R27,HIGH(-@0)
                 	ST   X+,R30
                 	ST   X+,R30
                 	ST   X+,R30
                 	ST   X,R30
                 	.ENDM
                 
                 	.MACRO __PUTB2SX
                 	MOVW R30,R28
                 	SUBI R30,LOW(-@0)
                 	SBCI R31,HIGH(-@0)
                 	ST   Z,R26
                 	.ENDM
                 
                 	.MACRO __PUTW2SX
                 	MOVW R30,R28
                 	SUBI R30,LOW(-@0)
                 	SBCI R31,HIGH(-@0)
                 	ST   Z+,R26
                 	ST   Z,R27
                 	.ENDM
                 
                 	.MACRO __PUTD2SX
                 	MOVW R30,R28
                 	SUBI R30,LOW(-@0)
                 	SBCI R31,HIGH(-@0)
                 	ST   Z+,R26
                 	ST   Z+,R27
                 	ST   Z+,R24
                 	ST   Z,R25
                 	.ENDM
                 
                 	.MACRO __PUTBSRX
                 	MOVW R30,R28
                 	SUBI R30,LOW(-@1)
                 	SBCI R31,HIGH(-@1)
                 	ST   Z,R@0
                 	.ENDM
                 
                 	.MACRO __PUTWSRX
                 	MOVW R30,R28
                 	SUBI R30,LOW(-@2)
                 	SBCI R31,HIGH(-@2)
                 	ST   Z+,R@0
                 	ST   Z,R@1
                 	.ENDM
                 
                 	.MACRO __PUTB1SNX
                 	MOVW R26,R28
                 	SUBI R26,LOW(-@0)
                 	SBCI R27,HIGH(-@0)
                 	LD   R0,X+
                 	LD   R27,X
                 	MOV  R26,R0
                 	SUBI R26,LOW(-@1)
                 	SBCI R27,HIGH(-@1)
                 	ST   X,R30
                 	.ENDM
                 
                 	.MACRO __PUTW1SNX
                 	MOVW R26,R28
                 	SUBI R26,LOW(-@0)
                 	SBCI R27,HIGH(-@0)
                 	LD   R0,X+
                 	LD   R27,X
                 	MOV  R26,R0
                 	SUBI R26,LOW(-@1)
                 	SBCI R27,HIGH(-@1)
                 	ST   X+,R30
                 	ST   X,R31
                 	.ENDM
                 
                 	.MACRO __PUTD1SNX
                 	MOVW R26,R28
                 	SUBI R26,LOW(-@0)
                 	SBCI R27,HIGH(-@0)
                 	LD   R0,X+
                 	LD   R27,X
                 	MOV  R26,R0
                 	SUBI R26,LOW(-@1)
                 	SBCI R27,HIGH(-@1)
                 	ST   X+,R30
                 	ST   X+,R31
                 	ST   X+,R22
                 	ST   X,R23
                 	.ENDM
                 
                 	.MACRO __MULBRR
                 	MULS R@0,R@1
                 	MOVW R30,R0
                 	.ENDM
                 
                 	.MACRO __MULBRRU
                 	MUL  R@0,R@1
                 	MOVW R30,R0
                 	.ENDM
                 
                 	.MACRO __MULBRR0
                 	MULS R@0,R@1
                 	.ENDM
                 
                 	.MACRO __MULBRRU0
                 	MUL  R@0,R@1
                 	.ENDM
                 
                 	.MACRO __MULBNWRU
                 	LDI  R26,@2
                 	MUL  R26,R@0
                 	MOVW R30,R0
                 	MUL  R26,R@1
                 	ADD  R31,R0
                 	.ENDM
                 
                 ;NAME DEFINITIONS FOR GLOBAL VARIABLES ALLOCATED TO REGISTERS
                 	.DEF _rx_wr_index=R5
                 	.DEF _rx_rd_index=R4
                 	.DEF _rx_counter=R7
                 	.DEF _tx_wr_index=R6
                 	.DEF _tx_rd_index=R9
                 	.DEF _tx_counter=R8
                 
                 	.CSEG
                 	.ORG 0x00
                 
                 ;START OF CODE MARKER
                 __START_OF_CODE:
                 
                 ;INTERRUPT VECTORS
000000 940c 004b 	JMP  __RESET
000002 940c 0000 	JMP  0x00
000004 940c 0000 	JMP  0x00
000006 940c 0000 	JMP  0x00
000008 940c 0000 	JMP  0x00
00000a 940c 0000 	JMP  0x00
00000c 940c 0000 	JMP  0x00
00000e 940c 0000 	JMP  0x00
000010 940c 0000 	JMP  0x00
000012 940c 0000 	JMP  0x00
000014 940c 0000 	JMP  0x00
000016 940c 0078 	JMP  _usart_rx_isr
000018 940c 0000 	JMP  0x00
00001a 940c 00aa 	JMP  _usart_tx_isr
00001c 940c 0000 	JMP  0x00
00001e 940c 0000 	JMP  0x00
000020 940c 0000 	JMP  0x00
000022 940c 0000 	JMP  0x00
000024 940c 0000 	JMP  0x00
000026 940c 0000 	JMP  0x00
000028 940c 0000 	JMP  0x00
                 
                 _tbl10_G101:
00002a 2710
00002b 03e8
00002c 0064
00002d 000a      	.DB  0x10,0x27,0xE8,0x3,0x64,0x0,0xA,0x0
00002e 0001      	.DB  0x1,0x0
                 _tbl16_G101:
00002f 1000
000030 0100
000031 0010
000032 0001      	.DB  0x0,0x10,0x0,0x1,0x10,0x0,0x1,0x0
                 
                 ;REGISTER BIT VARIABLES INITIALIZATION
                 __REG_BIT_VARS:
000033 0000      	.DW  0x0000
                 
                 ;GLOBAL REGISTER VARIABLES INITIALIZATION
                 __REG_VARS:
000034 0000
000035 0000      	.DB  0x0,0x0,0x0,0x0
000036 0000      	.DB  0x0,0x0
                 
                 _0x0:
D:\VDK\blt10\Debug\List\1.asm(1140): warning: .cseg .db misalignment - padding zero byte
000037 0000      	.DB  0x0
                 _0x2000060:
D:\VDK\blt10\Debug\List\1.asm(1142): warning: .cseg .db misalignment - padding zero byte
000038 0001      	.DB  0x1
                 _0x2000000:
000039 4e2d
00003a 4e41
00003b 4900
00003c 464e      	.DB  0x2D,0x4E,0x41,0x4E,0x0,0x49,0x4E,0x46
D:\VDK\blt10\Debug\List\1.asm(1145): warning: .cseg .db misalignment - padding zero byte
00003d 0000      	.DB  0x0
                 
                 __GLOBAL_INI_TBL:
00003e 0001      	.DW  0x01
00003f 0002      	.DW  0x02
000040 0066      	.DW  __REG_BIT_VARS*2
                 
000041 0006      	.DW  0x06
000042 0004      	.DW  0x04
000043 0068      	.DW  __REG_VARS*2
                 
000044 0001      	.DW  0x01
000045 0160      	.DW  _0x21
000046 006e      	.DW  _0x0*2
                 
000047 0001      	.DW  0x01
000048 01a9      	.DW  __seed_G100
000049 0070      	.DW  _0x2000060*2
                 
                 _0xFFFFFFFF:
00004a 0000      	.DW  0
                 
                 #define __GLOBAL_INI_TBL_PRESENT 1
                 
                 __RESET:
00004b 94f8      	CLI
00004c 27ee      	CLR  R30
00004d bbec      	OUT  EECR,R30
                 
                 ;INTERRUPT VECTORS ARE PLACED
                 ;AT THE START OF FLASH
00004e e0f1      	LDI  R31,1
00004f bffb      	OUT  GICR,R31
000050 bfeb      	OUT  GICR,R30
000051 bfe5      	OUT  MCUCR,R30
                 
                 ;CLEAR R2-R14
000052 e08d      	LDI  R24,(14-2)+1
000053 e0a2      	LDI  R26,2
000054 27bb      	CLR  R27
                 __CLEAR_REG:
000055 93ed      	ST   X+,R30
000056 958a      	DEC  R24
000057 f7e9      	BRNE __CLEAR_REG
                 
                 ;CLEAR SRAM
000058 e080      	LDI  R24,LOW(__CLEAR_SRAM_SIZE)
000059 e094      	LDI  R25,HIGH(__CLEAR_SRAM_SIZE)
00005a e6a0      	LDI  R26,__SRAM_START
                 __CLEAR_SRAM:
00005b 93ed      	ST   X+,R30
00005c 9701      	SBIW R24,1
00005d f7e9      	BRNE __CLEAR_SRAM
                 
                 ;GLOBAL VARIABLES INITIALIZATION
00005e e7ec      	LDI  R30,LOW(__GLOBAL_INI_TBL*2)
00005f e0f0      	LDI  R31,HIGH(__GLOBAL_INI_TBL*2)
                 __GLOBAL_INI_NEXT:
000060 9185      	LPM  R24,Z+
000061 9195      	LPM  R25,Z+
000062 9700      	SBIW R24,0
000063 f061      	BREQ __GLOBAL_INI_END
000064 91a5      	LPM  R26,Z+
000065 91b5      	LPM  R27,Z+
000066 9005      	LPM  R0,Z+
000067 9015      	LPM  R1,Z+
000068 01bf      	MOVW R22,R30
000069 01f0      	MOVW R30,R0
                 __GLOBAL_INI_LOOP:
00006a 9005      	LPM  R0,Z+
00006b 920d      	ST   X+,R0
00006c 9701      	SBIW R24,1
00006d f7e1      	BRNE __GLOBAL_INI_LOOP
00006e 01fb      	MOVW R30,R22
00006f cff0      	RJMP __GLOBAL_INI_NEXT
                 __GLOBAL_INI_END:
                 
                 ;HARDWARE STACK POINTER INITIALIZATION
000070 e5ef      	LDI  R30,LOW(__SRAM_END-__HEAP_SIZE)
000071 bfed      	OUT  SPL,R30
000072 e0e4      	LDI  R30,HIGH(__SRAM_END-__HEAP_SIZE)
000073 bfee      	OUT  SPH,R30
                 
                 ;DATA STACK POINTER INITIALIZATION
000074 e6c0      	LDI  R28,LOW(__SRAM_START+__DSTACK_SIZE)
000075 e0d1      	LDI  R29,HIGH(__SRAM_START+__DSTACK_SIZE)
                 
000076 940c 010d 	JMP  _main
                 
                 	.ESEG
                 	.ORG 0
                 
                 	.DSEG
                 	.ORG 0x160
                 
                 	.CSEG
                 ;/*******************************************************
                 ;This program was created by the
                 ;CodeWizardAVR V3.12 Advanced
                 ;Automatic Program Generator
                 ;© Copyright 1998-2014 Pavel Haiduc, HP InfoTech s.r.l.
                 ;http://www.hpinfotech.com
                 ;
                 ;Project :
                 ;Version :
                 ;Date    : 12/5/2022
                 ;Author  :
                 ;Company :
                 ;Comments:
                 ;
                 ;
                 ;Chip type               : ATmega16A
                 ;Program type            : Application
                 ;AVR Core Clock frequency: 11.059200 MHz
                 ;Memory model            : Small
                 ;External RAM size       : 0
                 ;Data Stack size         : 256
                 ;*******************************************************/
                 ;
                 ;#include <mega16a.h>
                 	#ifndef __SLEEP_DEFINED__
                 	#define __SLEEP_DEFINED__
                 	.EQU __se_bit=0x40
                 	.EQU __sm_mask=0xB0
                 	.EQU __sm_powerdown=0x20
                 	.EQU __sm_powersave=0x30
                 	.EQU __sm_standby=0xA0
                 	.EQU __sm_ext_standby=0xB0
                 	.EQU __sm_adc_noise_red=0x10
                 	.SET power_ctrl_reg=mcucr
                 	#endif
                 ;#include <delay.h>
                 ;#define LED PORTC
                 ;#include <stdlib.h>
                 ;
                 ;// Declare your global variables here
                 ;
                 ;#define DATA_REGISTER_EMPTY (1<<UDRE)
                 ;#define RX_COMPLETE (1<<RXC)
                 ;#define FRAMING_ERROR (1<<FE)
                 ;#define PARITY_ERROR (1<<UPE)
                 ;#define DATA_OVERRUN (1<<DOR)
                 ;
                 ;// USART Receiver buffer
                 ;#define RX_BUFFER_SIZE 8
                 ;char rx_buffer[RX_BUFFER_SIZE];
                 ;
                 ;#if RX_BUFFER_SIZE <= 256
                 ;unsigned char rx_wr_index=0,rx_rd_index=0;
                 ;#else
                 ;unsigned int rx_wr_index=0,rx_rd_index=0;
                 ;#endif
                 ;
                 ;#if RX_BUFFER_SIZE < 256
                 ;unsigned char rx_counter=0;
                 ;#else
                 ;unsigned int rx_counter=0;
                 ;#endif
                 ;
                 ;// This flag is set on USART Receiver buffer overflow
                 ;bit rx_buffer_overflow;
                 ;
                 ;// USART Receiver interrupt service routine
                 ;interrupt [USART_RXC] void usart_rx_isr(void)
                 ; 0000 003A {
                 
                 	.CSEG
                 _usart_rx_isr:
                 ; .FSTART _usart_rx_isr
000078 93ea      	ST   -Y,R30
000079 93fa      	ST   -Y,R31
00007a b7ef      	IN   R30,SREG
00007b 93ea      	ST   -Y,R30
                 ; 0000 003B char status,data;
                 ; 0000 003C status=UCSRA;
00007c 931a      	ST   -Y,R17
00007d 930a      	ST   -Y,R16
                 ;	status -> R17
                 ;	data -> R16
00007e b11b      	IN   R17,11
                 ; 0000 003D data=UDR;
00007f b10c      	IN   R16,12
                 ; 0000 003E if ((status & (FRAMING_ERROR | PARITY_ERROR | DATA_OVERRUN))==0)
000080 2fe1      	MOV  R30,R17
000081 71ec      	ANDI R30,LOW(0x1C)
000082 f489      	BRNE _0x3
                 ; 0000 003F    {
                 ; 0000 0040    rx_buffer[rx_wr_index++]=data;
000083 2de5      	MOV  R30,R5
000084 9453      	INC  R5
000085 e0f0      	LDI  R31,0
000086 59ef      	SUBI R30,LOW(-_rx_buffer)
000087 4ffe      	SBCI R31,HIGH(-_rx_buffer)
000088 8300      	ST   Z,R16
                 ; 0000 0041 #if RX_BUFFER_SIZE == 256
                 ; 0000 0042    // special case for receiver buffer size=256
                 ; 0000 0043    if (++rx_counter == 0) rx_buffer_overflow=1;
                 ; 0000 0044 #else
                 ; 0000 0045    if (rx_wr_index == RX_BUFFER_SIZE) rx_wr_index=0;
000089 e0e8      	LDI  R30,LOW(8)
00008a 15e5      	CP   R30,R5
00008b f409      	BRNE _0x4
00008c 2455      	CLR  R5
                 ; 0000 0046    if (++rx_counter == RX_BUFFER_SIZE)
                 _0x4:
00008d 9473      	INC  R7
00008e e0e8      	LDI  R30,LOW(8)
00008f 15e7      	CP   R30,R7
000090 f419      	BRNE _0x5
                 ; 0000 0047       {
                 ; 0000 0048       rx_counter=0;
000091 2477      	CLR  R7
                 ; 0000 0049       rx_buffer_overflow=1;
000092 9468      	SET
000093 f820      	BLD  R2,0
                 ; 0000 004A       }
                 ; 0000 004B #endif
                 ; 0000 004C    }
                 _0x5:
                 ; 0000 004D }
                 _0x3:
000094 9109      	LD   R16,Y+
000095 9119      	LD   R17,Y+
000096 c025      	RJMP _0x23
                 ; .FEND
                 ;
                 ;#ifndef _DEBUG_TERMINAL_IO_
                 ;// Get a character from the USART Receiver buffer
                 ;#define _ALTERNATE_GETCHAR_
                 ;#pragma used+
                 ;char getchar(void)
                 ; 0000 0054 {
                 _getchar:
                 ; .FSTART _getchar
                 ; 0000 0055 char data;
                 ; 0000 0056 while (rx_counter==0);
000097 931a      	ST   -Y,R17
                 ;	data -> R17
                 _0x6:
000098 2077      	TST  R7
000099 f3f1      	BREQ _0x6
                 ; 0000 0057 data=rx_buffer[rx_rd_index++];
00009a 2de4      	MOV  R30,R4
00009b 9443      	INC  R4
00009c e0f0      	LDI  R31,0
00009d 59ef      	SUBI R30,LOW(-_rx_buffer)
00009e 4ffe      	SBCI R31,HIGH(-_rx_buffer)
00009f 8110      	LD   R17,Z
                 ; 0000 0058 #if RX_BUFFER_SIZE != 256
                 ; 0000 0059 if (rx_rd_index == RX_BUFFER_SIZE) rx_rd_index=0;
0000a0 e0e8      	LDI  R30,LOW(8)
0000a1 15e4      	CP   R30,R4
0000a2 f409      	BRNE _0x9
0000a3 2444      	CLR  R4
                 ; 0000 005A #endif
                 ; 0000 005B #asm("cli")
                 _0x9:
0000a4 94f8      	cli
                 ; 0000 005C --rx_counter;
0000a5 947a      	DEC  R7
                 ; 0000 005D #asm("sei")
0000a6 9478      	sei
                 ; 0000 005E return data;
0000a7 2fe1      	MOV  R30,R17
0000a8 9119      	LD   R17,Y+
0000a9 9508      	RET
                 ; 0000 005F }
                 ; .FEND
                 ;#pragma used-
                 ;#endif
                 ;
                 ;// USART Transmitter buffer
                 ;#define TX_BUFFER_SIZE 64
                 ;char tx_buffer[TX_BUFFER_SIZE];
                 ;
                 ;#if TX_BUFFER_SIZE <= 256
                 ;unsigned char tx_wr_index=0,tx_rd_index=0;
                 ;#else
                 ;unsigned int tx_wr_index=0,tx_rd_index=0;
                 ;#endif
                 ;
                 ;#if TX_BUFFER_SIZE < 256
                 ;unsigned char tx_counter=0;
                 ;#else
                 ;unsigned int tx_counter=0;
                 ;#endif
                 ;
                 ;// USART Transmitter interrupt service routine
                 ;interrupt [USART_TXC] void usart_tx_isr(void)
                 ; 0000 0075 {
                 _usart_tx_isr:
                 ; .FSTART _usart_tx_isr
0000aa 93ea      	ST   -Y,R30
0000ab 93fa      	ST   -Y,R31
0000ac b7ef      	IN   R30,SREG
0000ad 93ea      	ST   -Y,R30
                 ; 0000 0076 if (tx_counter)
0000ae 2088      	TST  R8
0000af f061      	BREQ _0xA
                 ; 0000 0077    {
                 ; 0000 0078    --tx_counter;
0000b0 948a      	DEC  R8
                 ; 0000 0079    UDR=tx_buffer[tx_rd_index++];
0000b1 2de9      	MOV  R30,R9
0000b2 9493      	INC  R9
0000b3 e0f0      	LDI  R31,0
0000b4 59e7      	SUBI R30,LOW(-_tx_buffer)
0000b5 4ffe      	SBCI R31,HIGH(-_tx_buffer)
0000b6 81e0      	LD   R30,Z
0000b7 b9ec      	OUT  0xC,R30
                 ; 0000 007A #if TX_BUFFER_SIZE != 256
                 ; 0000 007B    if (tx_rd_index == TX_BUFFER_SIZE) tx_rd_index=0;
0000b8 e4e0      	LDI  R30,LOW(64)
0000b9 15e9      	CP   R30,R9
0000ba f409      	BRNE _0xB
0000bb 2499      	CLR  R9
                 ; 0000 007C #endif
                 ; 0000 007D    }
                 _0xB:
                 ; 0000 007E }
                 _0xA:
                 _0x23:
0000bc 91e9      	LD   R30,Y+
0000bd bfef      	OUT  SREG,R30
0000be 91f9      	LD   R31,Y+
0000bf 91e9      	LD   R30,Y+
0000c0 9518      	RETI
                 ; .FEND
                 ;
                 ;#ifndef _DEBUG_TERMINAL_IO_
                 ;// Write a character to the USART Transmitter buffer
                 ;#define _ALTERNATE_PUTCHAR_
                 ;#pragma used+
                 ;void putchar(char c)
                 ; 0000 0085 {
                 _putchar:
                 ; .FSTART _putchar
                 ; 0000 0086 while (tx_counter == TX_BUFFER_SIZE);
0000c1 93aa      	ST   -Y,R26
                 ;	c -> Y+0
                 _0xC:
0000c2 e4e0      	LDI  R30,LOW(64)
0000c3 15e8      	CP   R30,R8
0000c4 f3e9      	BREQ _0xC
                 ; 0000 0087 #asm("cli")
0000c5 94f8      	cli
                 ; 0000 0088 if (tx_counter || ((UCSRA & DATA_REGISTER_EMPTY)==0))
0000c6 2088      	TST  R8
0000c7 f411      	BRNE _0x10
0000c8 995d      	SBIC 0xB,5
0000c9 c00d      	RJMP _0xF
                 _0x10:
                 ; 0000 0089    {
                 ; 0000 008A    tx_buffer[tx_wr_index++]=c;
0000ca 2de6      	MOV  R30,R6
0000cb 9463      	INC  R6
0000cc e0f0      	LDI  R31,0
0000cd 59e7      	SUBI R30,LOW(-_tx_buffer)
0000ce 4ffe      	SBCI R31,HIGH(-_tx_buffer)
0000cf 81a8      	LD   R26,Y
0000d0 83a0      	STD  Z+0,R26
                 ; 0000 008B #if TX_BUFFER_SIZE != 256
                 ; 0000 008C    if (tx_wr_index == TX_BUFFER_SIZE) tx_wr_index=0;
0000d1 e4e0      	LDI  R30,LOW(64)
0000d2 15e6      	CP   R30,R6
0000d3 f409      	BRNE _0x12
0000d4 2466      	CLR  R6
                 ; 0000 008D #endif
                 ; 0000 008E    ++tx_counter;
                 _0x12:
0000d5 9483      	INC  R8
                 ; 0000 008F    }
                 ; 0000 0090 else
0000d6 c002      	RJMP _0x13
                 _0xF:
                 ; 0000 0091    UDR=c;
0000d7 81e8      	LD   R30,Y
0000d8 b9ec      	OUT  0xC,R30
                 ; 0000 0092 #asm("sei")
                 _0x13:
0000d9 9478      	sei
                 ; 0000 0093 }
0000da 9621      	ADIW R28,1
0000db 9508      	RET
                 ; .FEND
                 ;#pragma used-
                 ;#endif
                 ;
                 ;// Standard Input/Output functions
                 ;#include <stdio.h>
                 ;void khoitao(void)
                 ; 0000 009A {
                 _khoitao:
                 ; .FSTART _khoitao
                 ; 0000 009B // Declare your local variables here
                 ; 0000 009C 
                 ; 0000 009D // Input/Output Ports initialization
                 ; 0000 009E // Port A initialization
                 ; 0000 009F // Function: Bit7=In Bit6=In Bit5=In Bit4=In Bit3=In Bit2=In Bit1=In Bit0=In
                 ; 0000 00A0 DDRA=(0<<DDA7) | (0<<DDA6) | (0<<DDA5) | (0<<DDA4) | (0<<DDA3) | (0<<DDA2) | (0<<DDA1) | (0<<DDA0);
0000dc e0e0      	LDI  R30,LOW(0)
0000dd bbea      	OUT  0x1A,R30
                 ; 0000 00A1 // State: Bit7=T Bit6=T Bit5=T Bit4=T Bit3=T Bit2=T Bit1=T Bit0=T
                 ; 0000 00A2 PORTA=(0<<PORTA7) | (0<<PORTA6) | (0<<PORTA5) | (0<<PORTA4) | (0<<PORTA3) | (0<<PORTA2) | (0<<PORTA1) | (0<<PORTA0);
0000de bbeb      	OUT  0x1B,R30
                 ; 0000 00A3 
                 ; 0000 00A4 // Port B initialization
                 ; 0000 00A5 // Function: Bit7=In Bit6=In Bit5=In Bit4=In Bit3=In Bit2=In Bit1=In Bit0=In
                 ; 0000 00A6 DDRB=(0<<DDB7) | (0<<DDB6) | (0<<DDB5) | (0<<DDB4) | (0<<DDB3) | (0<<DDB2) | (0<<DDB1) | (0<<DDB0);
0000df bbe7      	OUT  0x17,R30
                 ; 0000 00A7 // State: Bit7=T Bit6=T Bit5=T Bit4=T Bit3=T Bit2=T Bit1=T Bit0=T
                 ; 0000 00A8 PORTB=(0<<PORTB7) | (0<<PORTB6) | (0<<PORTB5) | (0<<PORTB4) | (0<<PORTB3) | (0<<PORTB2) | (0<<PORTB1) | (0<<PORTB0);
0000e0 bbe8      	OUT  0x18,R30
                 ; 0000 00A9 
                 ; 0000 00AA // Port C initialization
                 ; 0000 00AB // Function: Bit7=Out Bit6=Out Bit5=Out Bit4=Out Bit3=Out Bit2=Out Bit1=Out Bit0=Out
                 ; 0000 00AC DDRC=(1<<DDC7) | (1<<DDC6) | (1<<DDC5) | (1<<DDC4) | (1<<DDC3) | (1<<DDC2) | (1<<DDC1) | (1<<DDC0);
0000e1 efef      	LDI  R30,LOW(255)
0000e2 bbe4      	OUT  0x14,R30
                 ; 0000 00AD // State: Bit7=1 Bit6=1 Bit5=1 Bit4=1 Bit3=1 Bit2=1 Bit1=1 Bit0=1
                 ; 0000 00AE PORTC=(1<<PORTC7) | (1<<PORTC6) | (1<<PORTC5) | (1<<PORTC4) | (1<<PORTC3) | (1<<PORTC2) | (1<<PORTC1) | (1<<PORTC0);
0000e3 bbe5      	OUT  0x15,R30
                 ; 0000 00AF 
                 ; 0000 00B0 // Port D initialization
                 ; 0000 00B1 // Function: Bit7=In Bit6=In Bit5=In Bit4=In Bit3=In Bit2=In Bit1=In Bit0=In
                 ; 0000 00B2 DDRD=(0<<DDD7) | (0<<DDD6) | (0<<DDD5) | (0<<DDD4) | (0<<DDD3) | (0<<DDD2) | (0<<DDD1) | (0<<DDD0);
0000e4 e0e0      	LDI  R30,LOW(0)
0000e5 bbe1      	OUT  0x11,R30
                 ; 0000 00B3 // State: Bit7=T Bit6=T Bit5=T Bit4=T Bit3=T Bit2=T Bit1=T Bit0=T
                 ; 0000 00B4 PORTD=(0<<PORTD7) | (0<<PORTD6) | (0<<PORTD5) | (0<<PORTD4) | (0<<PORTD3) | (0<<PORTD2) | (0<<PORTD1) | (0<<PORTD0);
0000e6 bbe2      	OUT  0x12,R30
                 ; 0000 00B5 
                 ; 0000 00B6 // Timer/Counter 0 initialization
                 ; 0000 00B7 // Clock source: System Clock
                 ; 0000 00B8 // Clock value: Timer 0 Stopped
                 ; 0000 00B9 // Mode: Normal top=0xFF
                 ; 0000 00BA // OC0 output: Disconnected
                 ; 0000 00BB TCCR0=(0<<WGM00) | (0<<COM01) | (0<<COM00) | (0<<WGM01) | (0<<CS02) | (0<<CS01) | (0<<CS00);
0000e7 bfe3      	OUT  0x33,R30
                 ; 0000 00BC TCNT0=0x00;
0000e8 bfe2      	OUT  0x32,R30
                 ; 0000 00BD OCR0=0x00;
0000e9 bfec      	OUT  0x3C,R30
                 ; 0000 00BE 
                 ; 0000 00BF // Timer/Counter 1 initialization
                 ; 0000 00C0 // Clock source: System Clock
                 ; 0000 00C1 // Clock value: Timer1 Stopped
                 ; 0000 00C2 // Mode: Normal top=0xFFFF
                 ; 0000 00C3 // OC1A output: Disconnected
                 ; 0000 00C4 // OC1B output: Disconnected
                 ; 0000 00C5 // Noise Canceler: Off
                 ; 0000 00C6 // Input Capture on Falling Edge
                 ; 0000 00C7 // Timer1 Overflow Interrupt: Off
                 ; 0000 00C8 // Input Capture Interrupt: Off
                 ; 0000 00C9 // Compare A Match Interrupt: Off
                 ; 0000 00CA // Compare B Match Interrupt: Off
                 ; 0000 00CB TCCR1A=(0<<COM1A1) | (0<<COM1A0) | (0<<COM1B1) | (0<<COM1B0) | (0<<WGM11) | (0<<WGM10);
0000ea bdef      	OUT  0x2F,R30
                 ; 0000 00CC TCCR1B=(0<<ICNC1) | (0<<ICES1) | (0<<WGM13) | (0<<WGM12) | (0<<CS12) | (0<<CS11) | (0<<CS10);
0000eb bdee      	OUT  0x2E,R30
                 ; 0000 00CD TCNT1H=0x00;
0000ec bded      	OUT  0x2D,R30
                 ; 0000 00CE TCNT1L=0x00;
0000ed bdec      	OUT  0x2C,R30
                 ; 0000 00CF ICR1H=0x00;
0000ee bde7      	OUT  0x27,R30
                 ; 0000 00D0 ICR1L=0x00;
0000ef bde6      	OUT  0x26,R30
                 ; 0000 00D1 OCR1AH=0x00;
0000f0 bdeb      	OUT  0x2B,R30
                 ; 0000 00D2 OCR1AL=0x00;
0000f1 bdea      	OUT  0x2A,R30
                 ; 0000 00D3 OCR1BH=0x00;
0000f2 bde9      	OUT  0x29,R30
                 ; 0000 00D4 OCR1BL=0x00;
0000f3 bde8      	OUT  0x28,R30
                 ; 0000 00D5 
                 ; 0000 00D6 // Timer/Counter 2 initialization
                 ; 0000 00D7 // Clock source: System Clock
                 ; 0000 00D8 // Clock value: Timer2 Stopped
                 ; 0000 00D9 // Mode: Normal top=0xFF
                 ; 0000 00DA // OC2 output: Disconnected
                 ; 0000 00DB ASSR=0<<AS2;
0000f4 bde2      	OUT  0x22,R30
                 ; 0000 00DC TCCR2=(0<<PWM2) | (0<<COM21) | (0<<COM20) | (0<<CTC2) | (0<<CS22) | (0<<CS21) | (0<<CS20);
0000f5 bde5      	OUT  0x25,R30
                 ; 0000 00DD TCNT2=0x00;
0000f6 bde4      	OUT  0x24,R30
                 ; 0000 00DE OCR2=0x00;
0000f7 bde3      	OUT  0x23,R30
                 ; 0000 00DF 
                 ; 0000 00E0 // Timer(s)/Counter(s) Interrupt(s) initialization
                 ; 0000 00E1 TIMSK=(0<<OCIE2) | (0<<TOIE2) | (0<<TICIE1) | (0<<OCIE1A) | (0<<OCIE1B) | (0<<TOIE1) | (0<<OCIE0) | (0<<TOIE0);
0000f8 bfe9      	OUT  0x39,R30
                 ; 0000 00E2 
                 ; 0000 00E3 // External Interrupt(s) initialization
                 ; 0000 00E4 // INT0: Off
                 ; 0000 00E5 // INT1: Off
                 ; 0000 00E6 // INT2: Off
                 ; 0000 00E7 MCUCR=(0<<ISC11) | (0<<ISC10) | (0<<ISC01) | (0<<ISC00);
0000f9 bfe5      	OUT  0x35,R30
                 ; 0000 00E8 MCUCSR=(0<<ISC2);
0000fa bfe4      	OUT  0x34,R30
                 ; 0000 00E9 
                 ; 0000 00EA // USART initialization
                 ; 0000 00EB // Communication Parameters: 8 Data, 1 Stop, No Parity
                 ; 0000 00EC // USART Receiver: On
                 ; 0000 00ED // USART Transmitter: On
                 ; 0000 00EE // USART Mode: Asynchronous
                 ; 0000 00EF // USART Baud Rate: 9600
                 ; 0000 00F0 UCSRA=(0<<RXC) | (0<<TXC) | (0<<UDRE) | (0<<FE) | (0<<DOR) | (0<<UPE) | (0<<U2X) | (0<<MPCM);
0000fb b9eb      	OUT  0xB,R30
                 ; 0000 00F1 UCSRB=(1<<RXCIE) | (1<<TXCIE) | (0<<UDRIE) | (1<<RXEN) | (1<<TXEN) | (0<<UCSZ2) | (0<<RXB8) | (0<<TXB8);
0000fc ede8      	LDI  R30,LOW(216)
0000fd b9ea      	OUT  0xA,R30
                 ; 0000 00F2 UCSRC=(1<<URSEL) | (0<<UMSEL) | (0<<UPM1) | (0<<UPM0) | (0<<USBS) | (1<<UCSZ1) | (1<<UCSZ0) | (0<<UCPOL);
0000fe e8e6      	LDI  R30,LOW(134)
0000ff bde0      	OUT  0x20,R30
                 ; 0000 00F3 UBRRH=0x00;
000100 e0e0      	LDI  R30,LOW(0)
000101 bde0      	OUT  0x20,R30
                 ; 0000 00F4 UBRRL=0x47;
000102 e4e7      	LDI  R30,LOW(71)
000103 b9e9      	OUT  0x9,R30
                 ; 0000 00F5 
                 ; 0000 00F6 // Analog Comparator initialization
                 ; 0000 00F7 // Analog Comparator: Off
                 ; 0000 00F8 // The Analog Comparator's positive input is
                 ; 0000 00F9 // connected to the AIN0 pin
                 ; 0000 00FA // The Analog Comparator's negative input is
                 ; 0000 00FB // connected to the AIN1 pin
                 ; 0000 00FC ACSR=(1<<ACD) | (0<<ACBG) | (0<<ACO) | (0<<ACI) | (0<<ACIE) | (0<<ACIC) | (0<<ACIS1) | (0<<ACIS0);
000104 e8e0      	LDI  R30,LOW(128)
000105 b9e8      	OUT  0x8,R30
                 ; 0000 00FD SFIOR=(0<<ACME);
000106 e0e0      	LDI  R30,LOW(0)
000107 bfe0      	OUT  0x30,R30
                 ; 0000 00FE 
                 ; 0000 00FF // ADC initialization
                 ; 0000 0100 // ADC disabled
                 ; 0000 0101 ADCSRA=(0<<ADEN) | (0<<ADSC) | (0<<ADATE) | (0<<ADIF) | (0<<ADIE) | (0<<ADPS2) | (0<<ADPS1) | (0<<ADPS0);
000108 b9e6      	OUT  0x6,R30
                 ; 0000 0102 
                 ; 0000 0103 // SPI initialization
                 ; 0000 0104 // SPI disabled
                 ; 0000 0105 SPCR=(0<<SPIE) | (0<<SPE) | (0<<DORD) | (0<<MSTR) | (0<<CPOL) | (0<<CPHA) | (0<<SPR1) | (0<<SPR0);
000109 b9ed      	OUT  0xD,R30
                 ; 0000 0106 
                 ; 0000 0107 // TWI initialization
                 ; 0000 0108 // TWI disabled
                 ; 0000 0109 TWCR=(0<<TWEA) | (0<<TWSTA) | (0<<TWSTO) | (0<<TWEN) | (0<<TWIE);
00010a bfe6      	OUT  0x36,R30
                 ; 0000 010A 
                 ; 0000 010B // Global enable interrupts
                 ; 0000 010C #asm("sei")
00010b 9478      	sei
                 ; 0000 010D }
00010c 9508      	RET
                 ; .FEND
                 ;void main(void)
                 ; 0000 010F {
                 _main:
                 ; .FSTART _main
                 ; 0000 0110 char i,ch,str[10];
                 ; 0000 0111 int value=0;
                 ; 0000 0112 khoitao();
00010d 972a      	SBIW R28,10
                 ;	i -> R17
                 ;	ch -> R16
                 ;	str -> Y+0
                 ;	value -> R18,R19
                +
00010e e020     +LDI R18 , LOW ( 0 )
00010f e030     +LDI R19 , HIGH ( 0 )
                 	__GETWRN 18,19,0
000110 dfcb      	RCALL _khoitao
                 ; 0000 0113 DDRC = 0xFF; LED=0xFF;
000111 efef      	LDI  R30,LOW(255)
000112 bbe4      	OUT  0x14,R30
000113 bbe5      	OUT  0x15,R30
                 ; 0000 0114 while (1)
                 _0x14:
                 ; 0000 0115       {
                 ; 0000 0116         if(rx_counter)
000114 2077      	TST  R7
000115 f0b1      	BREQ _0x17
                 ; 0000 0117         {
                 ; 0000 0118             ch=getchar();
000116 df80      	RCALL _getchar
000117 2f0e      	MOV  R16,R30
                 ; 0000 0119             switch(ch)
000118 e0f0      	LDI  R31,0
                 ; 0000 011A             {
                 ; 0000 011B                 case 1: LED.0 = !LED.0; break;
000119 30e1      	CPI  R30,LOW(0x1)
00011a e0a0      	LDI  R26,HIGH(0x1)
00011b 07fa      	CPC  R31,R26
00011c f431      	BRNE _0x1B
00011d 9ba8      	SBIS 0x15,0
00011e c002      	RJMP _0x1C
00011f 98a8      	CBI  0x15,0
000120 c001      	RJMP _0x1D
                 _0x1C:
000121 9aa8      	SBI  0x15,0
                 _0x1D:
000122 c009      	RJMP _0x1A
                 ; 0000 011C                 case 2: LED.2 = !LED.2; break;
                 _0x1B:
000123 30e2      	CPI  R30,LOW(0x2)
000124 e0a0      	LDI  R26,HIGH(0x2)
000125 07fa      	CPC  R31,R26
000126 f429      	BRNE _0x1A
000127 9baa      	SBIS 0x15,2
000128 c002      	RJMP _0x1F
000129 98aa      	CBI  0x15,2
00012a c001      	RJMP _0x20
                 _0x1F:
00012b 9aaa      	SBI  0x15,2
                 _0x20:
                 ; 0000 011D             }
                 _0x1A:
                 ; 0000 011E         }
                 ; 0000 011F         value=50;
                 _0x17:
                +
00012c e322     +LDI R18 , LOW ( 50 )
00012d e030     +LDI R19 , HIGH ( 50 )
                 	__GETWRN 18,19,50
                 ; 0000 0120         itoa(value, str);
00012e 933a      	ST   -Y,R19
00012f 932a      	ST   -Y,R18
000130 01de      	MOVW R26,R28
000131 9612      	ADIW R26,2
000132 940e 0140 	CALL _itoa
                 ; 0000 0121         putchar(50);
000134 e3a2      	LDI  R26,LOW(50)
000135 df8b      	RCALL _putchar
                 ; 0000 0122         puts("");
                +
000136 e6a0     +LDI R26 , LOW ( _0x21 + ( 0 ) )
000137 e0b1     +LDI R27 , HIGH ( _0x21 + ( 0 ) )
                 	__POINTW2MN _0x21,0
000138 940e 016e 	CALL _puts
                 ; 0000 0123         delay_ms(500);
00013a efa4      	LDI  R26,LOW(500)
00013b e0b1      	LDI  R27,HIGH(500)
00013c 940e 0183 	CALL _delay_ms
                 ; 0000 0124       }
00013e cfd5      	RJMP _0x14
                 ; 0000 0125 }
                 _0x22:
00013f cfff      	RJMP _0x22
                 ; .FEND
                 
                 	.DSEG
                 _0x21:
000160           	.BYTE 0x1
                 
                 	.CSEG
                 _itoa:
                 ; .FSTART _itoa
000140 93ba      	ST   -Y,R27
000141 93aa      	ST   -Y,R26
000142 91a9          ld   r26,y+
000143 91b9          ld   r27,y+
000144 91e9          ld   r30,y+
000145 91f9          ld   r31,y+
000146 9630          adiw r30,0
000147 f42a          brpl __itoa0
000148 95e0          com  r30
000149 95f0          com  r31
00014a 9631          adiw r30,1
00014b e26d          ldi  r22,'-'
00014c 936d          st   x+,r22
                 __itoa0:
00014d 94e8          clt
00014e e180          ldi  r24,low(10000)
00014f e297          ldi  r25,high(10000)
000150 d00d          rcall __itoa1
000151 ee88          ldi  r24,low(1000)
000152 e093          ldi  r25,high(1000)
000153 d00a          rcall __itoa1
000154 e684          ldi  r24,100
000155 2799          clr  r25
000156 d007          rcall __itoa1
000157 e08a          ldi  r24,10
000158 d005          rcall __itoa1
000159 2f6e          mov  r22,r30
00015a d010          rcall __itoa5
00015b 2766          clr  r22
00015c 936c          st   x,r22
00015d 9508          ret
                 
                 __itoa1:
00015e 2766          clr	 r22
                 __itoa2:
00015f 17e8          cp   r30,r24
000160 07f9          cpc  r31,r25
000161 f020          brlo __itoa3
000162 9563          inc  r22
000163 1be8          sub  r30,r24
000164 0bf9          sbc  r31,r25
000165 f7c9          brne __itoa2
                 __itoa3:
000166 2366          tst  r22
000167 f411          brne __itoa4
000168 f016          brts __itoa5
000169 9508          ret
                 __itoa4:
00016a 9468          set
                 __itoa5:
00016b 5d60          subi r22,-0x30
00016c 936d          st   x+,r22
00016d 9508          ret
                 ; .FEND
                 
                 	.DSEG
                 
                 	.CSEG
                 	#ifndef __SLEEP_DEFINED__
                 	#endif
                 
                 	.CSEG
                 _puts:
                 ; .FSTART _puts
00016e 93ba      	ST   -Y,R27
00016f 93aa      	ST   -Y,R26
000170 931a      	ST   -Y,R17
                 _0x2020003:
000171 81a9      	LDD  R26,Y+1
000172 81ba      	LDD  R27,Y+1+1
000173 91ed      	LD   R30,X+
000174 83a9      	STD  Y+1,R26
000175 83ba      	STD  Y+1+1,R27
000176 2f1e      	MOV  R17,R30
000177 30e0      	CPI  R30,0
000178 f021      	BREQ _0x2020005
000179 2fa1      	MOV  R26,R17
00017a 940e 00c1 	CALL _putchar
00017c cff4      	RJMP _0x2020003
                 _0x2020005:
00017d e0aa      	LDI  R26,LOW(10)
00017e 940e 00c1 	CALL _putchar
000180 8118      	LDD  R17,Y+0
000181 9623      	ADIW R28,3
000182 9508      	RET
                 ; .FEND
                 
                 	.CSEG
                 
                 	.CSEG
                 
                 	.CSEG
                 
                 	.DSEG
                 _rx_buffer:
000161           	.BYTE 0x8
                 _tx_buffer:
000169           	.BYTE 0x40
                 __seed_G100:
0001a9           	.BYTE 0x4
                 
                 	.CSEG
                 
                 	.CSEG
                 _delay_ms:
000183 9610      	adiw r26,0
000184 f039      	breq __delay_ms1
                 __delay_ms0:
                +
000185 ec8d     +LDI R24 , LOW ( 0xACD )
000186 e09a     +LDI R25 , HIGH ( 0xACD )
                +__DELAY_USW_LOOP :
000187 9701     +SBIW R24 , 1
000188 f7f1     +BRNE __DELAY_USW_LOOP
                 	__DELAY_USW 0xACD
000189 95a8      	wdr
00018a 9711      	sbiw r26,1
00018b f7c9      	brne __delay_ms0
                 __delay_ms1:
00018c 9508      	ret
                 
                 ;END OF CODE MARKER
                 __END_OF_CODE:


RESOURCE USE INFORMATION
------------------------

Notice:
The register and instruction counts are symbol table hit counts,
and hence implicitly used resources are not counted, eg, the
'lpm' instruction without operands implicitly uses r0 and z,
none of which are counted.

x,y,z are separate entities in the symbol table and are
counted separately from r26..r31 here.

.dseg memory usage only counts static data declared with .byte

ATmega16A register use summary:
r0 :   4 r1 :   1 r2 :   1 r3 :   0 r4 :   4 r5 :   4 r6 :   4 r7 :   6 
r8 :   5 r9 :   4 r10:   0 r11:   0 r12:   0 r13:   0 r14:   0 r15:   0 
r16:   5 r17:  12 r18:   3 r19:   3 r20:   0 r21:   0 r22:  12 r23:   0 
r24:  15 r25:   8 r26:  24 r27:   9 r28:   5 r29:   1 r30: 113 r31:  21 
x  :   7 y  :  34 z  :  11 
Registers used: 25 out of 35 (71.4%)

ATmega16A instruction use summary:
.lds  :   0 .lds.l:   0 .sts  :   0 .sts.l:   0 adc   :   0 add   :   0 
adiw  :   6 and   :   0 andi  :   1 asr   :   0 bclr  :   0 bld   :   1 
brbc  :   0 brbs  :   0 brcc  :   0 brcs  :   0 break :   0 breq  :   7 
brge  :   0 brhc  :   0 brhs  :   0 brid  :   0 brie  :   0 brlo  :   1 
brlt  :   0 brmi  :   0 brne  :  16 brpl  :   1 brsh  :   0 brtc  :   0 
brts  :   1 brvc  :   0 brvs  :   0 bset  :   0 bst   :   0 call  :   5 
cbi   :   2 cbr   :   0 clc   :   0 clh   :   0 cli   :   3 cln   :   0 
clr   :  10 cls   :   0 clt   :   1 clv   :   0 clz   :   0 com   :   2 
cp    :   7 cpc   :   3 cpi   :   3 cpse  :   0 dec   :   3 des   :   0 
eor   :   0 fmul  :   0 fmuls :   0 fmulsu:   0 icall :   0 ijmp  :   0 
in    :   4 inc   :   7 jmp   :  22 ld    :  15 ldd   :   3 ldi   :  54 
lds   :   0 lpm   :   7 lsl   :   0 lsr   :   0 mov   :  10 movw  :   4 
mul   :   0 muls  :   0 mulsu :   0 neg   :   0 nop   :   0 or    :   0 
ori   :   0 out   :  49 pop   :   0 push  :   0 rcall :   8 ret   :   8 
reti  :   1 rjmp  :  12 rol   :   0 ror   :   0 sbc   :   1 sbci  :   4 
sbi   :   2 sbic  :   1 sbis  :   2 sbiw  :   6 sbr   :   0 sbrc  :   0 
sbrs  :   0 sec   :   0 seh   :   0 sei   :   3 sen   :   0 ser   :   0 
ses   :   0 set   :   2 sev   :   0 sez   :   0 sleep :   0 spm   :   0 
st    :  24 std   :   3 sts   :   0 sub   :   1 subi  :   5 swap  :   0 
tst   :   5 wdr   :   1 
Instructions used: 46 out of 116 (39.7%)

ATmega16A memory use summary [bytes]:
Segment   Begin    End      Code   Data   Used    Size   Use%
---------------------------------------------------------------
[.cseg] 0x000000 0x00031a    728     66    794   16384   4.8%
[.dseg] 0x000060 0x0001ad      0     77     77    1024   7.5%
[.eseg] 0x000000 0x000000      0      0      0     512   0.0%

Assembly complete, 0 errors, 9 warnings
